[Mon, 27 Jan 2020 00:15:22 -0500] Error revisa consulta UPDATE calendar_data SET status='11'
             WHERE id='' 
[Mon, 27 Jan 2020 00:15:22 -0500] Error revisa consulta UPDATE tbl_reservas SET estado='11'
             WHERE id='' 
[Mon, 27 Jan 2020 12:34:13 -0500] Error revisa consulta UPDATE tbl_reservas SET estado='13'
             WHERE id='' 
[Mon, 27 Jan 2020 12:45:29 -0500] Error revisa consulta UPDATE tbl_reservas SET estado='13'
             WHERE id='' 
[Mon, 27 Jan 2020 12:50:58 -0500] Error revisa consulta UPDATE tbl_reservas SET estado='13'
             WHERE id='00091' 
[Mon, 27 Jan 2020 12:54:47 -0500] Error revisa consulta UPDATE tbl_reservas SET estado='13'
             WHERE setid = '001' and id_reserva = '00091' 
[Mon, 27 Jan 2020 13:06:49 -0500] Error revisa consulta UPDATE calendar_data SET status='13'
             WHERE bookingid='' 
[Mon, 27 Jan 2020 13:06:50 -0500] Error revisa consulta UPDATE calendar_details SET status='13'
             WHERE id='' 
[Mon, 27 Jan 2020 13:06:50 -0500] Error revisa consulta UPDATE tbl_reservas SET estado='13'
             WHERE setid = '001' and id_reserva = '00092' 
[Mon, 27 Jan 2020 13:22:44 -0500] Error revisa consulta UPDATE calendar_data SET status='13'
             WHERE bookingid='61' 
[Mon, 27 Jan 2020 13:22:45 -0500] Error revisa consulta UPDATE calendar_details SET status='13'
             WHERE id='61' 
[Mon, 27 Jan 2020 13:22:45 -0500] Error revisa consulta UPDATE tbl_reservas SET estado='13'
             WHERE setid = '001' and id_reserva = '00094' 
[Mon, 27 Jan 2020 14:35:29 -0500] Error revisa consulta UPDATE calendar_data SET status='13'
             WHERE bookingid='0' 
[Mon, 27 Jan 2020 14:35:29 -0500] Error revisa consulta UPDATE calendar_details SET status='13'
             WHERE id='0' 
[Mon, 27 Jan 2020 14:35:30 -0500] Error revisa consulta UPDATE tbl_reservas SET estado='13'
             WHERE setid = '001' and id_reserva = '' 
[Mon, 27 Jan 2020 14:35:30 -0500] Error revisa consulta UPDATE calendar_data SET status='13'
             WHERE bookingid='0' 
[Mon, 27 Jan 2020 14:35:30 -0500] Error revisa consulta UPDATE calendar_details SET status='13'
             WHERE id='0' 
[Mon, 27 Jan 2020 14:35:30 -0500] Error revisa consulta UPDATE tbl_reservas SET estado='13'
             WHERE setid = '001' and id_reserva = '' 
[Mon, 27 Jan 2020 14:42:10 -0500] Error revisa consulta UPDATE calendar_data SET status='13'
             WHERE bookingid='0' 
[Mon, 27 Jan 2020 14:42:10 -0500] Error revisa consulta UPDATE calendar_details SET status='13'
             WHERE id='0' 
[Mon, 27 Jan 2020 14:42:10 -0500] Error revisa consulta UPDATE tbl_reservas SET estado='13'
             WHERE setid = '001' and id_reserva = '' 
[Mon, 27 Jan 2020 14:45:11 -0500] Error revisa consulta UPDATE calendar_data SET status='13'
             WHERE bookingid='0' 
[Mon, 27 Jan 2020 14:45:11 -0500] Error revisa consulta UPDATE calendar_details SET status='13'
             WHERE id='0' 
[Mon, 27 Jan 2020 14:45:11 -0500] Error revisa consulta UPDATE tbl_reservas SET estado='13'
             WHERE setid = '001' and id_reserva = '' 
[Tue, 28 Jan 2020 01:48:30 -0500] Error revisa consulta UPDATE calendar_data SET status='13'
             WHERE bookingid='0' 
[Tue, 28 Jan 2020 01:48:30 -0500] Error revisa consulta UPDATE calendar_details SET status='13'
             WHERE id='0' 
[Tue, 28 Jan 2020 01:48:30 -0500] Error revisa consulta UPDATE tbl_reservas SET estado='13'
             WHERE setid = '001' and id_reserva = '00098' 
